{"timestamp":"2026-02-05T00:49:35.615941Z","level":"INFO","fields":{"message":"run_ac_scenario, xet-core revision v1.0.4-rc0-242-gd667b59d-modified"},"filename":"xet_logging/src/logging.rs","line_number":65}
{"timestamp":"2026-02-05T00:49:35.616038Z","level":"INFO","fields":{"message":"Config: dest = Some(\"simulation/src/adaptive_concurrency/results/20260205_004935/sanity_check-10mbps-20ms-none/\") (user set)"},"filename":"utils/src/configuration_utils.rs","line_number":25}
{"timestamp":"2026-02-05T00:49:35.616077Z","level":"INFO","fields":{"message":"Using 10 async threads for tokio runtime"},"filename":"xet_runtime/src/runtime.rs","line_number":56}
{"timestamp":"2026-02-05T00:49:35.616053Z","level":"INFO","fields":{"message":"starting log cleanup in \"/Users/hoytak/workspace/hf/xet-core-2/simulation/src/adaptive_concurrency/results/20260205_004935/sanity_check-10mbps-20ms-none/\" (min_age=86400s, max_retention=1209600s, max_size=250MB bytes)"},"filename":"xet_logging/src/logging.rs","line_number":221}
{"timestamp":"2026-02-05T00:49:35.618411Z","level":"INFO","fields":{"message":"Initializing Adaptive Concurrency Controller for local_uploads with starting concurrency = 1; min = 1, max = 64, min_bytes_for_adjustment = 20000000, min_completed_transmissions_for_adjustment = 1"},"filename":"cas_client/src/adaptive_concurrency/controller.rs","line_number":251}
{"timestamp":"2026-02-05T00:49:35.618598Z","level":"INFO","fields":{"message":"Local CAS server listening on 127.0.0.1:60377"},"filename":"cas_client/src/simulation/local_server/server.rs","line_number":203}
{"timestamp":"2026-02-05T00:49:35.633860Z","level":"INFO","fields":{"message":"Log Directory Cleanup: found 1.588kB of logs in 1 log files, with 0B in 0 files eligible for deletion."},"filename":"xet_logging/src/logging.rs","line_number":299}
{"timestamp":"2026-02-05T00:49:35.633880Z","level":"INFO","fields":{"message":"Log Directory Cleanup: deleted 0B in 0 files"},"filename":"xet_logging/src/logging.rs","line_number":363}
{"timestamp":"2026-02-05T00:49:35.670608Z","level":"INFO","fields":{"message":"CAS auth disabled","caller":"cas_client/src/http_client.rs:114"},"filename":"error_printer/src/lib.rs","line_number":198}
{"timestamp":"2026-02-05T00:49:35.836955Z","level":"INFO","fields":{"message":"HTTP client configured","idle_timeout":"60s","max_idle_connections":16,"user_agent":"Some(\"test-agent\")"},"filename":"cas_client/src/http_client.rs","line_number":83}
{"timestamp":"2026-02-05T00:49:35.836979Z","level":"INFO","fields":{"message":"CAS auth disabled","caller":"cas_client/src/http_client.rs:114"},"filename":"error_printer/src/lib.rs","line_number":198}
{"timestamp":"2026-02-05T00:49:35.836981Z","level":"INFO","fields":{"message":"HTTP client configured","idle_timeout":"60s","max_idle_connections":16,"user_agent":"Some(\"test-agent\")"},"filename":"cas_client/src/http_client.rs","line_number":83}
{"timestamp":"2026-02-05T00:49:35.836983Z","level":"INFO","fields":{"message":"Initializing Adaptive Concurrency Controller for upload with starting concurrency = 1; min = 1, max = 64, min_bytes_for_adjustment = 20000000, min_completed_transmissions_for_adjustment = 1"},"filename":"cas_client/src/adaptive_concurrency/controller.rs","line_number":251}
{"timestamp":"2026-02-05T00:49:35.836986Z","level":"INFO","fields":{"message":"Initializing Adaptive Concurrency Controller for download with starting concurrency = 1; min = 1, max = 64, min_bytes_for_adjustment = 20000000, min_completed_transmissions_for_adjustment = 1"},"filename":"cas_client/src/adaptive_concurrency/controller.rs","line_number":251}
{"timestamp":"2026-02-05T00:49:35.838168Z","level":"INFO","fields":{"message":"Received CAS response","request_id":"","status_code":200},"filename":"cas_client/src/http_client.rs","line_number":177}
{"timestamp":"2026-02-05T00:49:35.840022Z","level":"INFO","fields":{"message":"Toxiproxy proxy created","proxy_name":"cas_simulation_16e81e8de9d3442d8c64a78e89c40514","proxy_endpoint":"http://127.0.0.1:60380","upstream":"127.0.0.1:60379"},"filename":"simulation/src/network_simulation/toxiproxy_router.rs","line_number":89}
{"timestamp":"2026-02-05T00:49:35.841273Z","level":"INFO","fields":{"message":"CAS auth disabled","caller":"cas_client/src/http_client.rs:114"},"filename":"error_printer/src/lib.rs","line_number":198}
{"timestamp":"2026-02-05T00:49:35.841278Z","level":"INFO","fields":{"message":"HTTP client configured","idle_timeout":"60s","max_idle_connections":16,"user_agent":"Some(\"test_user_agent\")"},"filename":"cas_client/src/http_client.rs","line_number":83}
{"timestamp":"2026-02-05T00:49:36.582187Z","level":"INFO","fields":{"message":"Received CAS response","request_id":"","status_code":200},"filename":"cas_client/src/http_client.rs","line_number":177}
{"timestamp":"2026-02-05T00:49:36.582526Z","level":"INFO","fields":{"message":"Initializing Adaptive Concurrency Controller for test_uploads with starting concurrency = 1; min = 1, max = 64, min_bytes_for_adjustment = 20000000, min_completed_transmissions_for_adjustment = 1"},"filename":"cas_client/src/adaptive_concurrency/controller.rs","line_number":251}
{"timestamp":"2026-02-05T00:49:36.667287Z","level":"INFO","fields":{"message":"Config: dest = Some(\"simulation/src/adaptive_concurrency/results/20260205_004935/sanity_check-10mbps-20ms-none/\") (user set)"},"filename":"utils/src/configuration_utils.rs","line_number":25}
{"timestamp":"2026-02-05T00:49:36.667311Z","level":"INFO","fields":{"message":"Retry strategy","max_attempts":5,"base_delay":"3s","no_retry_on_429":false},"filename":"cas_client/src/retry_wrapper.rs","line_number":217}
{"timestamp":"2026-02-05T00:49:36.868308Z","level":"INFO","fields":{"message":"Config: dest = Some(\"simulation/src/adaptive_concurrency/results/20260205_004935/sanity_check-10mbps-20ms-none/\") (user set)"},"filename":"utils/src/configuration_utils.rs","line_number":25}
{"timestamp":"2026-02-05T00:49:37.694207Z","level":"INFO","fields":{"message":"Config: dest = Some(\"simulation/src/adaptive_concurrency/results/20260205_004935/sanity_check-10mbps-20ms-none/\") (user set)"},"filename":"utils/src/configuration_utils.rs","line_number":25}
{"timestamp":"2026-02-05T00:49:38.084194Z","level":"INFO","fields":{"message":"Config: dest = Some(\"simulation/src/adaptive_concurrency/results/20260205_004935/sanity_check-10mbps-20ms-none/\") (user set)"},"filename":"utils/src/configuration_utils.rs","line_number":25}
{"timestamp":"2026-02-05T00:49:38.793374Z","level":"INFO","fields":{"message":"Config: dest = Some(\"simulation/src/adaptive_concurrency/results/20260205_004935/sanity_check-10mbps-20ms-none/\") (user set)"},"filename":"utils/src/configuration_utils.rs","line_number":25}
{"timestamp":"2026-02-05T00:49:47.041386Z","level":"INFO","fields":{"message":"Concurrency control for test_uploads: Current concurrency = 1; predicted bandwidth = 10485760000000; success_ratio = 1.000; observed bytes sent so far = 763543047; completed transmissions = 0"},"filename":"cas_client/src/adaptive_concurrency/controller.rs","line_number":517}
{"timestamp":"2026-02-05T00:49:47.244446Z","level":"INFO","fields":{"message":"Concurrency control for test_uploads: Current concurrency = 1; predicted bandwidth = 10485760000000; success_ratio = 1.000; observed bytes sent so far = 808509122; completed transmissions = 0"},"filename":"cas_client/src/adaptive_concurrency/controller.rs","line_number":517}
{"timestamp":"2026-02-05T00:49:47.743715Z","level":"INFO","fields":{"message":"Concurrency control for test_uploads: Current concurrency = 1; predicted bandwidth = 10485760000000; success_ratio = 1.000; observed bytes sent so far = 854397554; completed transmissions = 0"},"filename":"cas_client/src/adaptive_concurrency/controller.rs","line_number":517}
{"timestamp":"2026-02-05T00:49:48.193998Z","level":"INFO","fields":{"message":"Concurrency control for test_uploads: Current concurrency = 1; predicted bandwidth = 10485760000000; success_ratio = 1.000; observed bytes sent so far = 901217707; completed transmissions = 0"},"filename":"cas_client/src/adaptive_concurrency/controller.rs","line_number":517}
{"timestamp":"2026-02-05T00:49:48.641734Z","level":"INFO","fields":{"message":"Concurrency control for test_uploads: Current concurrency = 1; predicted bandwidth = 10485760000000; success_ratio = 1.000; observed bytes sent so far = 948978945; completed transmissions = 0"},"filename":"cas_client/src/adaptive_concurrency/controller.rs","line_number":517}
{"timestamp":"2026-02-05T00:49:48.942832Z","level":"INFO","fields":{"message":"Concurrency control for test_uploads: Current concurrency = 1; predicted bandwidth = 10485760000000; success_ratio = 1.000; observed bytes sent so far = 997690632; completed transmissions = 0"},"filename":"cas_client/src/adaptive_concurrency/controller.rs","line_number":517}
{"timestamp":"2026-02-05T00:49:49.393586Z","level":"INFO","fields":{"message":"Concurrency control for test_uploads: Current concurrency = 1; predicted bandwidth = 10485760000000; success_ratio = 1.000; observed bytes sent so far = 1047362132; completed transmissions = 0"},"filename":"cas_client/src/adaptive_concurrency/controller.rs","line_number":517}
{"timestamp":"2026-02-05T00:49:50.090444Z","level":"INFO","fields":{"message":"Concurrency control for test_uploads: Current concurrency = 1; predicted bandwidth = 10485760000000; success_ratio = 1.000; observed bytes sent so far = 1098002809; completed transmissions = 0"},"filename":"cas_client/src/adaptive_concurrency/controller.rs","line_number":517}
{"timestamp":"2026-02-05T00:49:50.541907Z","level":"INFO","fields":{"message":"Concurrency control for test_uploads: Current concurrency = 1; predicted bandwidth = 10485760000000; success_ratio = 1.000; observed bytes sent so far = 1149622027; completed transmissions = 0"},"filename":"cas_client/src/adaptive_concurrency/controller.rs","line_number":517}
{"timestamp":"2026-02-05T00:49:51.040770Z","level":"INFO","fields":{"message":"Concurrency control for test_uploads: Current concurrency = 1; predicted bandwidth = 10485760000000; success_ratio = 1.000; observed bytes sent so far = 1202229151; completed transmissions = 0"},"filename":"cas_client/src/adaptive_concurrency/controller.rs","line_number":517}
{"timestamp":"2026-02-05T00:49:51.293285Z","level":"INFO","fields":{"message":"Concurrency control for test_uploads: Current concurrency = 1; predicted bandwidth = 10485760000000; success_ratio = 1.000; observed bytes sent so far = 1255833544; completed transmissions = 0"},"filename":"cas_client/src/adaptive_concurrency/controller.rs","line_number":517}
{"timestamp":"2026-02-05T00:49:51.741526Z","level":"INFO","fields":{"message":"Concurrency control for test_uploads: Current concurrency = 1; predicted bandwidth = 10485760000000; success_ratio = 1.000; observed bytes sent so far = 1310444570; completed transmissions = 0"},"filename":"cas_client/src/adaptive_concurrency/controller.rs","line_number":517}
{"timestamp":"2026-02-05T00:49:52.241066Z","level":"INFO","fields":{"message":"Concurrency control for test_uploads: Current concurrency = 1; predicted bandwidth = 10485760000000; success_ratio = 1.000; observed bytes sent so far = 1366071593; completed transmissions = 0"},"filename":"cas_client/src/adaptive_concurrency/controller.rs","line_number":517}
{"timestamp":"2026-02-05T00:49:52.890844Z","level":"INFO","fields":{"message":"Concurrency control for test_uploads: Current concurrency = 1; predicted bandwidth = 10485760000000; success_ratio = 1.000; observed bytes sent so far = 1423758703; completed transmissions = 0"},"filename":"cas_client/src/adaptive_concurrency/controller.rs","line_number":517}
{"timestamp":"2026-02-05T00:49:56.668359Z","level":"INFO","fields":{"message":"Scenario run finished","scenario":"sanity_check","elapsed_sec":20.827052625},"filename":"simulation/src/adaptive_concurrency/scenarios.rs","line_number":303}
