{"timestamp":"2026-02-06T20:29:44.125784Z","level":"INFO","fields":{"message":"run_ac_scenario, xet-core revision v1.0.4-rc0-243-g22686657-modified"},"filename":"xet_logging/src/logging.rs","line_number":65}
{"timestamp":"2026-02-06T20:29:44.125911Z","level":"INFO","fields":{"message":"Config: dest = Some(\"/Users/hoytak/workspace/hf/xet-core-2/simulation/src/adaptive_concurrency/results/20260206_202943/single_upload-10mbps-250ms-none/\") (user set)"},"filename":"utils/src/configuration_utils.rs","line_number":25}
{"timestamp":"2026-02-06T20:29:44.125935Z","level":"INFO","fields":{"message":"Using 10 async threads for tokio runtime"},"filename":"xet_runtime/src/runtime.rs","line_number":56}
{"timestamp":"2026-02-06T20:29:44.125974Z","level":"INFO","fields":{"message":"starting log cleanup in \"/Users/hoytak/workspace/hf/xet-core-2/simulation/src/adaptive_concurrency/results/20260206_202943/single_upload-10mbps-250ms-none/\" (min_age=86400s, max_retention=1209600s, max_size=250MB bytes)"},"filename":"xet_logging/src/logging.rs","line_number":221}
{"timestamp":"2026-02-06T20:29:44.128736Z","level":"INFO","fields":{"message":"Initializing Adaptive Concurrency Controller for local_uploads with starting concurrency = 1; min = 1, max = 64, min_bytes_for_adjustment = 20000000, min_completed_transmissions_for_adjustment = 1"},"filename":"cas_client/src/adaptive_concurrency/controller.rs","line_number":251}
{"timestamp":"2026-02-06T20:29:44.128959Z","level":"INFO","fields":{"message":"Local CAS server listening on 127.0.0.1:49657"},"filename":"cas_client/src/simulation/local_server/server.rs","line_number":203}
{"timestamp":"2026-02-06T20:29:44.181024Z","level":"INFO","fields":{"message":"Log Directory Cleanup: found 1.630kB of logs in 1 log files, with 0B in 0 files eligible for deletion."},"filename":"xet_logging/src/logging.rs","line_number":299}
{"timestamp":"2026-02-06T20:29:44.181034Z","level":"INFO","fields":{"message":"Log Directory Cleanup: deleted 0B in 0 files"},"filename":"xet_logging/src/logging.rs","line_number":363}
{"timestamp":"2026-02-06T20:29:44.185077Z","level":"INFO","fields":{"message":"CAS auth disabled","caller":"cas_client/src/http_client.rs:114"},"filename":"error_printer/src/lib.rs","line_number":198}
{"timestamp":"2026-02-06T20:29:44.713564Z","level":"INFO","fields":{"message":"HTTP client configured","idle_timeout":"60s","max_idle_connections":16,"user_agent":"Some(\"test-agent\")"},"filename":"cas_client/src/http_client.rs","line_number":83}
{"timestamp":"2026-02-06T20:29:44.713578Z","level":"INFO","fields":{"message":"CAS auth disabled","caller":"cas_client/src/http_client.rs:114"},"filename":"error_printer/src/lib.rs","line_number":198}
{"timestamp":"2026-02-06T20:29:44.713581Z","level":"INFO","fields":{"message":"HTTP client configured","idle_timeout":"60s","max_idle_connections":16,"user_agent":"Some(\"test-agent\")"},"filename":"cas_client/src/http_client.rs","line_number":83}
{"timestamp":"2026-02-06T20:29:44.713583Z","level":"INFO","fields":{"message":"Initializing Adaptive Concurrency Controller for upload with starting concurrency = 1; min = 1, max = 64, min_bytes_for_adjustment = 20000000, min_completed_transmissions_for_adjustment = 1"},"filename":"cas_client/src/adaptive_concurrency/controller.rs","line_number":251}
{"timestamp":"2026-02-06T20:29:44.713585Z","level":"INFO","fields":{"message":"Initializing Adaptive Concurrency Controller for download with starting concurrency = 1; min = 1, max = 64, min_bytes_for_adjustment = 20000000, min_completed_transmissions_for_adjustment = 1"},"filename":"cas_client/src/adaptive_concurrency/controller.rs","line_number":251}
{"timestamp":"2026-02-06T20:29:44.714184Z","level":"INFO","fields":{"message":"Received CAS response","request_id":"","status_code":200},"filename":"cas_client/src/http_client.rs","line_number":177}
{"timestamp":"2026-02-06T20:29:44.714433Z","level":"INFO","fields":{"message":"CAS auth disabled","caller":"cas_client/src/http_client.rs:114"},"filename":"error_printer/src/lib.rs","line_number":198}
{"timestamp":"2026-02-06T20:29:44.714437Z","level":"INFO","fields":{"message":"HTTP client configured","idle_timeout":"60s","max_idle_connections":16,"user_agent":"Some(\"test_user_agent\")"},"filename":"cas_client/src/http_client.rs","line_number":83}
{"timestamp":"2026-02-06T20:29:45.695365Z","level":"INFO","fields":{"message":"Received CAS response","request_id":"","status_code":200},"filename":"cas_client/src/http_client.rs","line_number":177}
{"timestamp":"2026-02-06T20:29:45.695608Z","level":"INFO","fields":{"message":"Initializing Adaptive Concurrency Controller for test_uploads with starting concurrency = 1; min = 1, max = 64, min_bytes_for_adjustment = 20000000, min_completed_transmissions_for_adjustment = 1"},"filename":"cas_client/src/adaptive_concurrency/controller.rs","line_number":251}
{"timestamp":"2026-02-06T20:29:45.776902Z","level":"INFO","fields":{"message":"Config: dest = Some(\"/Users/hoytak/workspace/hf/xet-core-2/simulation/src/adaptive_concurrency/results/20260206_202943/single_upload-10mbps-250ms-none/\") (user set)"},"filename":"utils/src/configuration_utils.rs","line_number":25}
{"timestamp":"2026-02-06T20:29:45.776929Z","level":"INFO","fields":{"message":"Retry strategy","max_attempts":5,"base_delay":"3s","no_retry_on_429":false},"filename":"cas_client/src/retry_wrapper.rs","line_number":217}
{"timestamp":"2026-02-06T20:29:45.979441Z","level":"INFO","fields":{"message":"Config: dest = Some(\"/Users/hoytak/workspace/hf/xet-core-2/simulation/src/adaptive_concurrency/results/20260206_202943/single_upload-10mbps-250ms-none/\") (user set)"},"filename":"utils/src/configuration_utils.rs","line_number":25}
{"timestamp":"2026-02-06T20:29:46.383576Z","level":"INFO","fields":{"message":"Config: dest = Some(\"/Users/hoytak/workspace/hf/xet-core-2/simulation/src/adaptive_concurrency/results/20260206_202943/single_upload-10mbps-250ms-none/\") (user set)"},"filename":"utils/src/configuration_utils.rs","line_number":25}
