{"timestamp":"2026-02-04T23:24:25.037997Z","level":"INFO","fields":{"message":"run_ac_scenario, xet-core revision v1.0.4-rc0-242-gd667b59d-modified"},"filename":"xet_logging/src/logging.rs","line_number":65}
{"timestamp":"2026-02-04T23:24:25.038069Z","level":"INFO","fields":{"message":"Config: dest = Some(\"simulation/src/adaptive_concurrency/results/20260204_232424/sanity_check-10mbps-20ms-none/\") (user set)"},"filename":"utils/src/configuration_utils.rs","line_number":25}
{"timestamp":"2026-02-04T23:24:25.038088Z","level":"INFO","fields":{"message":"Using 10 async threads for tokio runtime"},"filename":"xet_runtime/src/runtime.rs","line_number":56}
{"timestamp":"2026-02-04T23:24:25.038091Z","level":"INFO","fields":{"message":"starting log cleanup in \"/Users/hoytak/workspace/hf/xet-core-2/simulation/src/adaptive_concurrency/results/20260204_232424/sanity_check-10mbps-20ms-none/\" (min_age=86400s, max_retention=1209600s, max_size=250MB bytes)"},"filename":"xet_logging/src/logging.rs","line_number":221}
{"timestamp":"2026-02-04T23:24:25.039774Z","level":"INFO","fields":{"message":"Initializing Adaptive Concurrency Controller for local_uploads with starting concurrency = 1; min = 1, max = 64, min_bytes_for_adjustment = 20000000, min_completed_transmissions_for_adjustment = 1"},"filename":"cas_client/src/adaptive_concurrency/controller.rs","line_number":251}
{"timestamp":"2026-02-04T23:24:25.039965Z","level":"INFO","fields":{"message":"Local CAS server listening on 127.0.0.1:56414"},"filename":"cas_client/src/simulation/local_server/server.rs","line_number":203}
{"timestamp":"2026-02-04T23:24:25.056263Z","level":"INFO","fields":{"message":"Log Directory Cleanup: found 1.588kB of logs in 1 log files, with 0B in 0 files eligible for deletion."},"filename":"xet_logging/src/logging.rs","line_number":299}
{"timestamp":"2026-02-04T23:24:25.056279Z","level":"INFO","fields":{"message":"Log Directory Cleanup: deleted 0B in 0 files"},"filename":"xet_logging/src/logging.rs","line_number":363}
{"timestamp":"2026-02-04T23:24:25.091954Z","level":"INFO","fields":{"message":"CAS auth disabled","caller":"cas_client/src/http_client.rs:114"},"filename":"error_printer/src/lib.rs","line_number":198}
{"timestamp":"2026-02-04T23:24:25.285554Z","level":"INFO","fields":{"message":"HTTP client configured","idle_timeout":"60s","max_idle_connections":16,"user_agent":"Some(\"test-agent\")"},"filename":"cas_client/src/http_client.rs","line_number":83}
{"timestamp":"2026-02-04T23:24:25.285579Z","level":"INFO","fields":{"message":"CAS auth disabled","caller":"cas_client/src/http_client.rs:114"},"filename":"error_printer/src/lib.rs","line_number":198}
{"timestamp":"2026-02-04T23:24:25.285581Z","level":"INFO","fields":{"message":"HTTP client configured","idle_timeout":"60s","max_idle_connections":16,"user_agent":"Some(\"test-agent\")"},"filename":"cas_client/src/http_client.rs","line_number":83}
{"timestamp":"2026-02-04T23:24:25.285583Z","level":"INFO","fields":{"message":"Initializing Adaptive Concurrency Controller for upload with starting concurrency = 1; min = 1, max = 64, min_bytes_for_adjustment = 20000000, min_completed_transmissions_for_adjustment = 1"},"filename":"cas_client/src/adaptive_concurrency/controller.rs","line_number":251}
{"timestamp":"2026-02-04T23:24:25.285586Z","level":"INFO","fields":{"message":"Initializing Adaptive Concurrency Controller for download with starting concurrency = 1; min = 1, max = 64, min_bytes_for_adjustment = 20000000, min_completed_transmissions_for_adjustment = 1"},"filename":"cas_client/src/adaptive_concurrency/controller.rs","line_number":251}
{"timestamp":"2026-02-04T23:24:25.286701Z","level":"INFO","fields":{"message":"Received CAS response","request_id":"","status_code":200},"filename":"cas_client/src/http_client.rs","line_number":177}
{"timestamp":"2026-02-04T23:24:25.289726Z","level":"INFO","fields":{"message":"Toxiproxy proxy created","proxy_name":"cas_simulation_98e7ba23c0e044939a3e6a8e58221adc","proxy_endpoint":"http://127.0.0.1:56422","upstream":"127.0.0.1:56414"},"filename":"simulation/src/network_simulation/proxy_router.rs","line_number":95}
{"timestamp":"2026-02-04T23:24:25.290975Z","level":"INFO","fields":{"message":"Config: dest = Some(\"simulation/src/adaptive_concurrency/results/20260204_232424/sanity_check-10mbps-20ms-none/\") (user set)"},"filename":"utils/src/configuration_utils.rs","line_number":25}
{"timestamp":"2026-02-04T23:24:25.292152Z","level":"INFO","fields":{"message":"CAS auth disabled","caller":"cas_client/src/http_client.rs:114"},"filename":"error_printer/src/lib.rs","line_number":198}
{"timestamp":"2026-02-04T23:24:25.292158Z","level":"INFO","fields":{"message":"HTTP client configured","idle_timeout":"60s","max_idle_connections":16,"user_agent":"Some(\"test_user_agent\")"},"filename":"cas_client/src/http_client.rs","line_number":83}
{"timestamp":"2026-02-04T23:24:25.924458Z","level":"INFO","fields":{"message":"Received CAS response","request_id":"","status_code":200},"filename":"cas_client/src/http_client.rs","line_number":177}
{"timestamp":"2026-02-04T23:24:25.924733Z","level":"INFO","fields":{"message":"Initializing Adaptive Concurrency Controller for test_uploads with starting concurrency = 1; min = 1, max = 64, min_bytes_for_adjustment = 20000000, min_completed_transmissions_for_adjustment = 1"},"filename":"cas_client/src/adaptive_concurrency/controller.rs","line_number":251}
{"timestamp":"2026-02-04T23:24:26.004585Z","level":"INFO","fields":{"message":"Config: dest = Some(\"simulation/src/adaptive_concurrency/results/20260204_232424/sanity_check-10mbps-20ms-none/\") (user set)"},"filename":"utils/src/configuration_utils.rs","line_number":25}
{"timestamp":"2026-02-04T23:24:26.004607Z","level":"INFO","fields":{"message":"Retry strategy","max_attempts":5,"base_delay":"3s","no_retry_on_429":false},"filename":"cas_client/src/retry_wrapper.rs","line_number":217}
{"timestamp":"2026-02-04T23:24:26.205102Z","level":"INFO","fields":{"message":"Config: dest = Some(\"simulation/src/adaptive_concurrency/results/20260204_232424/sanity_check-10mbps-20ms-none/\") (user set)"},"filename":"utils/src/configuration_utils.rs","line_number":25}
{"timestamp":"2026-02-04T23:24:38.709520Z","level":"INFO","fields":{"message":"Concurrency control for test_uploads: Current concurrency = 1; predicted bandwidth = 14910.022677184945; success_ratio = 1.000; observed bytes sent so far = 540151; completed transmissions = 0"},"filename":"cas_client/src/adaptive_concurrency/controller.rs","line_number":517}
{"timestamp":"2026-02-04T23:24:42.533080Z","level":"INFO","fields":{"message":"Concurrency control for test_uploads: Current concurrency = 1; predicted bandwidth = 15413.815988508566; success_ratio = 1.000; observed bytes sent so far = 814514; completed transmissions = 0"},"filename":"cas_client/src/adaptive_concurrency/controller.rs","line_number":517}
{"timestamp":"2026-02-04T23:24:46.341521Z","level":"INFO","fields":{"message":"Concurrency control for test_uploads: Current concurrency = 1; predicted bandwidth = 16070.32149551775; success_ratio = 1.000; observed bytes sent so far = 1161754; completed transmissions = 0"},"filename":"cas_client/src/adaptive_concurrency/controller.rs","line_number":517}
{"timestamp":"2026-02-04T23:24:46.461470Z","level":"INFO","fields":{"message":"Config: dest = Some(\"simulation/src/adaptive_concurrency/results/20260204_232424/sanity_check-10mbps-20ms-none/\") (user set)"},"filename":"utils/src/configuration_utils.rs","line_number":25}
{"timestamp":"2026-02-04T23:24:50.152933Z","level":"INFO","fields":{"message":"Concurrency control for test_uploads: Current concurrency = 1; predicted bandwidth = 16846.055354054246; success_ratio = 1.000; observed bytes sent so far = 1590446; completed transmissions = 0"},"filename":"cas_client/src/adaptive_concurrency/controller.rs","line_number":517}
{"timestamp":"2026-02-04T23:24:51.009266Z","level":"INFO","fields":{"message":"Config: dest = Some(\"simulation/src/adaptive_concurrency/results/20260204_232424/sanity_check-10mbps-20ms-none/\") (user set)"},"filename":"utils/src/configuration_utils.rs","line_number":25}
{"timestamp":"2026-02-04T23:24:51.009259Z","level":"INFO","fields":{"message":"Scenario run finished","scenario":"sanity_check","elapsed_sec":25.717051},"filename":"simulation/src/adaptive_concurrency/scenarios.rs","line_number":288}
{"timestamp":"2026-02-04T23:24:51.009288Z","level":"INFO","fields":{"message":"Retry strategy","max_attempts":5,"base_delay":"3s","no_retry_on_429":false},"filename":"cas_client/src/retry_wrapper.rs","line_number":217}
